<?xml version="1.0" encoding="UTF-8"?>
<!-- Generated by org.testng.reporters.JUnitReportReporter -->
<testsuite hostname="2105IBULT1126" failures="0" tests="1" name="com.apexit.testrunner.TestRunner" time="278.664" errors="0" timestamp="2022-11-10T18:46:26 IST" skipped="0">
  <testcase classname="com.apexit.testrunner.TestRunner" name="runScenario" time="278.664"/>
  <system-out/>
</testsuite> <!-- com.apexit.testrunner.TestRunner -->
